<?xml version="1.0" encoding="UTF-8"?>
<testsuites name="TS_Submission" time="0.0" tests="0" failures="0" errors="0">
   <testsuite name="TS_Submission" tests="0" failures="0" errors="0" time="0.0" skipped="0" timestamp="2025-09-24T17:24:28.312Z" hostname="Zain HK-PC - SIT-LP27" id="Test Suites/TS_Submission">
      <properties>
         <property name="deviceName" value=""/>
         <property name="devicePlatform"/>
         <property name="logFolder" value="C:\\IFG_Katalon_Submission\\Reports\\20250925_002423\\TS_Submission\\20250925_002423"/>
         <property name="logFiles" value="C:\\IFG_Katalon_Submission\\Reports\\20250925_002423\\TS_Submission\\20250925_002423\\console0.log, C:\\IFG_Katalon_Submission\\Reports\\20250925_002423\\TS_Submission\\20250925_002423\\execution0.log"/>
         <property name="attachments" value=""/>
         <property name="userFullName" value="Dewi Aprilia"/>
         <property name="hostName" value="Zain HK-PC - SIT-LP27"/>
         <property name="hostAddress" value="192.168.1.6"/>
         <property name="projectName" value="IFG_Katalon_Submission"/>
         <property name="os" value="Windows 11 64bit"/>
         <property name="katalonVersion" value="10.3.1.0"/>
      </properties>
      <system-out><![CDATA[25-09-2025T00:24:28 - [TEST_SUITE][INCOMPLETE] - TS_Submission: null]]></system-out>
      <system-err><![CDATA[25-09-2025T00:24:28 - [TEST_SUITE][INCOMPLETE] - TS_Submission: null]]></system-err>
   </testsuite>
</testsuites>
